?   	reach/services/runner/cmd/runner-mcp	[no test files]
?   	reach/services/runner/cmd/runnerd	[no test files]
ok  	reach/services/runner/internal/api	(cached)
--- FAIL: TestIterationCapEnforced (1.85s)
    testing.go:1369: TempDir RemoveAll cleanup: unlinkat C:\Users\scott\AppData\Local\Temp\TestIterationCapEnforced712513210\001\runner.sqlite: The process cannot access the file because it is being used by another process.
--- FAIL: TestPauseOnNetworkLossAndResume (1.81s)
    testing.go:1369: TempDir RemoveAll cleanup: unlinkat C:\Users\scott\AppData\Local\Temp\TestPauseOnNetworkLossAndResume96129069\001\runner.sqlite: The process cannot access the file because it is being used by another process.
--- FAIL: TestNoProgressStop (1.62s)
    testing.go:1369: TempDir RemoveAll cleanup: unlinkat C:\Users\scott\AppData\Local\Temp\TestNoProgressStop4218384194\001\runner.sqlite: The process cannot access the file because it is being used by another process.
--- FAIL: TestRuntimeCapEnforced (1.83s)
    testing.go:1369: TempDir RemoveAll cleanup: unlinkat C:\Users\scott\AppData\Local\Temp\TestRuntimeCapEnforced257027155\001\runner.sqlite: The process cannot access the file because it is being used by another process.
--- FAIL: TestCheckpointCreated (1.70s)
    testing.go:1369: TempDir RemoveAll cleanup: unlinkat C:\Users\scott\AppData\Local\Temp\TestCheckpointCreated436796072\001\runner.sqlite: The process cannot access the file because it is being used by another process.
--- FAIL: TestManualStopViaCancel (1.64s)
    testing.go:1369: TempDir RemoveAll cleanup: unlinkat C:\Users\scott\AppData\Local\Temp\TestManualStopViaCancel2141084375\001\runner.sqlite: The process cannot access the file because it is being used by another process.
FAIL
FAIL	reach/services/runner/internal/autonomous	10.962s
?   	reach/services/runner/internal/engineclient	[no test files]
ok  	reach/services/runner/internal/jobs	(cached)
?   	reach/services/runner/internal/mcp	[no test files]
ok  	reach/services/runner/internal/mcpserver	(cached)
?   	reach/services/runner/internal/plugins	[no test files]
?   	reach/services/runner/internal/storage	[no test files]
ok  	reach/services/runner/internal/workspace	(cached)
FAIL
