src/cli/adapters-runtime-cli.ts(15,8): error TS2307: Cannot find module '@zeo/adapters-runtime' or its corresponding type declarations.
src/cli/adapters-runtime-cli.ts(16,46): error TS2307: Cannot find module '@zeo/adapters' or its corresponding type declarations.
src/cli/adapters-runtime-cli.ts(197,64): error TS7006: Parameter 'q' implicitly has an 'any' type.
src/cli/audit-cli.ts(1,48): error TS2307: Cannot find module '@zeo/audit' or its corresponding type declarations.
src/cli/audit-drift-cli.ts(1,37): error TS2307: Cannot find module '@zeo/ledger' or its corresponding type declarations.
src/cli/audit-drift-cli.ts(12,33): error TS7006: Parameter 'a' implicitly has an 'any' type.
src/cli/audit-drift-cli.ts(19,21): error TS7006: Parameter 'f' implicitly has an 'any' type.
src/cli/benchmark-cli.ts(26,29): error TS2307: Cannot find module '@zeo/core' or its corresponding type declarations.
src/cli/dek-replay-cli.ts(10,55): error TS2307: Cannot find module '@zeo/contracts' or its corresponding type declarations.
src/cli/dek-replay-cli.ts(11,88): error TS2307: Cannot find module '@zeo/kernel' or its corresponding type declarations.
src/cli/dek-replay-cli.ts(228,47): error TS2307: Cannot find module '@zeo/kernel' or its corresponding type declarations.
src/cli/doctor-cli.ts(18,33): error TS2307: Cannot find module '@zeo/env' or its corresponding type declarations.
src/cli/doctor-cli.ts(24,16): error TS1378: Top-level 'await' expressions are only allowed when the 'module' option is set to 'es2022', 'esnext', 'system', 'node16', 'node18', 'node20', 'nodenext', or 'preserve', and the 'target' option is set to 'es2017' or higher.
src/cli/doctor-cli.ts(24,29): error TS2307: Cannot find module '@zeo/core' or its corresponding type declarations.
src/cli/doctor-cli.ts(35,41): error TS1343: The 'import.meta' meta-property is only allowed when the '--module' option is 'es2020', 'es2022', 'esnext', 'system', 'node16', 'node18', 'node20', or 'nodenext'.
src/cli/doctor-cli.ts(878,67): error TS7006: Parameter 'e' implicitly has an 'any' type.
src/cli/eval-cli.ts(8,69): error TS2307: Cannot find module '@zeo/eval' or its corresponding type declarations.
src/cli/evidence-graph-cli.ts(76,29): error TS2307: Cannot find module '@zeo/core' or its corresponding type declarations.
src/cli/graph-cli.ts(4,30): error TS2307: Cannot find module '@zeo/core' or its corresponding type declarations.
src/cli/graph-cli.ts(34,35): error TS7006: Parameter 'f' implicitly has an 'any' type.
src/cli/marketplace-cli.ts(13,8): error TS2307: Cannot find module '@zeo/modules' or its corresponding type declarations.
src/cli/mcp-cli.ts(122,52): error TS2307: Cannot find module './zeolite-core.js' or its corresponding type declarations.
src/cli/mcp-cli.ts(238,72): error TS2307: Cannot find module '@zeo/mcp-server' or its corresponding type declarations.
src/cli/mesh-cli.ts(92,68): error TS2307: Cannot find module '@zeo/mesh' or its corresponding type declarations.
src/cli/mesh-cli.ts(142,68): error TS2307: Cannot find module '@zeo/mesh' or its corresponding type declarations.
src/cli/mesh-cli.ts(203,45): error TS2307: Cannot find module '@zeo/mesh' or its corresponding type declarations.
src/cli/mesh-cli.ts(229,63): error TS2307: Cannot find module '@zeo/mesh' or its corresponding type declarations.
src/cli/mesh-cli.ts(230,50): error TS2307: Cannot find module '@zeo/kernel' or its corresponding type declarations.
src/cli/mesh-cli.ts(305,46): error TS2307: Cannot find module '@zeo/mesh' or its corresponding type declarations.
src/cli/pack-cli.ts(4,29): error TS2307: Cannot find module '@zeo/core' or its corresponding type declarations.
src/cli/pack-cli.ts(6,84): error TS2307: Cannot find module '@zeo/repro-pack' or its corresponding type declarations.
src/cli/pack-cli.ts(7,35): error TS2307: Cannot find module '@zeo/contracts' or its corresponding type declarations.
src/cli/perf-cli.ts(28,8): error TS2307: Cannot find module '@zeo/perf' or its corresponding type declarations.
src/cli/perf-cli.ts(36,8): error TS2307: Cannot find module '@zeo/core' or its corresponding type declarations.
src/cli/perf-cli.ts(37,28): error TS2307: Cannot find module '@zeo/replay' or its corresponding type declarations.
src/cli/perf-cli.ts(38,66): error TS2307: Cannot find module '@zeo/contracts' or its corresponding type declarations.
src/cli/plan-cli.ts(52,29): error TS2307: Cannot find module '@zeo/core' or its corresponding type declarations.
src/cli/reality-cli.ts(18,8): error TS2307: Cannot find module '@zeo/adapters' or its corresponding type declarations.
src/cli/reality-cli.ts(19,96): error TS2307: Cannot find module '@zeo/dataset-builder' or its corresponding type declarations.
src/cli/reality-cli.ts(118,47): error TS2345: Argument of type 'number | undefined' is not assignable to parameter of type 'number'.
  Type 'undefined' is not assignable to type 'number'.
src/cli/regimes-cli.ts(12,71): error TS2307: Cannot find module '@zeo/regimes' or its corresponding type declarations.
src/cli/regimes-cli.ts(13,91): error TS2307: Cannot find module '@zeo/contracts' or its corresponding type declarations.
src/cli/regimes-cli.ts(129,43): error TS7006: Parameter 'obs' implicitly has an 'any' type.
src/cli/regimes-cli.ts(134,39): error TS7006: Parameter 'obs' implicitly has an 'any' type.
src/cli/render-cli.ts(5,59): error TS2307: Cannot find module '@zeo/contracts' or its corresponding type declarations.
src/cli/render-cli.ts(35,37): error TS7006: Parameter 'policy' implicitly has an 'any' type.
src/cli/render-cli.ts(54,12): error TS7006: Parameter 'a' implicitly has an 'any' type.
src/cli/render-cli.ts(54,15): error TS7006: Parameter 'b' implicitly has an 'any' type.
src/cli/render-cli.ts(56,11): error TS7006: Parameter 'finding' implicitly has an 'any' type.
src/cli/render-cli.ts(62,12): error TS7006: Parameter 'a' implicitly has an 'any' type.
src/cli/render-cli.ts(62,15): error TS7006: Parameter 'b' implicitly has an 'any' type.
src/cli/render-cli.ts(64,11): error TS7006: Parameter 'policy' implicitly has an 'any' type.
src/cli/render-cli.ts(74,58): error TS7006: Parameter 'cta' implicitly has an 'any' type.
src/cli/render-cli.ts(114,64): error TS7006: Parameter 'ev' implicitly has an 'any' type.
src/cli/render-cli.ts(115,63): error TS7006: Parameter 'f' implicitly has an 'any' type.
src/cli/render-cli.ts(116,62): error TS7006: Parameter 'p' implicitly has an 'any' type.
src/cli/replay-cli.ts(9,64): error TS2307: Cannot find module '@zeo/contracts' or its corresponding type declarations.
src/cli/replay-cli.ts(10,37): error TS2307: Cannot find module '@zeo/contracts' or its corresponding type declarations.
src/cli/replay-cli.ts(49,57): error TS1343: The 'import.meta' meta-property is only allowed when the '--module' option is 'es2020', 'es2022', 'esnext', 'system', 'node16', 'node18', 'node20', or 'nodenext'.
src/cli/replay-cli.ts(56,57): error TS1343: The 'import.meta' meta-property is only allowed when the '--module' option is 'es2020', 'es2022', 'esnext', 'system', 'node16', 'node18', 'node20', or 'nodenext'.
src/cli/replay-cli.ts(301,28): error TS7006: Parameter 'c' implicitly has an 'any' type.
src/cli/replay-cli.ts(405,42): error TS2345: Argument of type 'unknown' is not assignable to parameter of type 'number'.
src/cli/replay-cli.ts(411,45): error TS2345: Argument of type 'unknown' is not assignable to parameter of type 'number'.
src/cli/replay-cli.ts(553,39): error TS18046: 'coverage' is of type 'unknown'.
src/cli/slice-eval-cli.ts(16,8): error TS2307: Cannot find module '@zeo/eval' or its corresponding type declarations.
src/cli/slice-eval-cli.ts(17,69): error TS2307: Cannot find module '@zeo/contracts' or its corresponding type declarations.
src/cli/slice-eval-cli.ts(241,62): error TS7006: Parameter 'c' implicitly has an 'any' type.
src/cli/slice-eval-cli.ts(257,16): error TS7006: Parameter 'sum' implicitly has an 'any' type.
src/cli/slice-eval-cli.ts(257,21): error TS7006: Parameter 'b' implicitly has an 'any' type.
src/cli/slice-eval-cli.ts(264,49): error TS7006: Parameter 'm' implicitly has an 'any' type.
src/cli/slice-eval-cli.ts(324,34): error TS7006: Parameter 'e' implicitly has an 'any' type.
src/cli/slice-eval-cli.ts(329,36): error TS7006: Parameter 'w' implicitly has an 'any' type.
src/cli/snapshot-cli.ts(26,29): error TS2307: Cannot find module '@zeo/core' or its corresponding type declarations.
src/cli/snapshot-cli.ts(61,29): error TS2307: Cannot find module '@zeo/core' or its corresponding type declarations.
src/cli/snapshot-cli.ts(84,29): error TS2307: Cannot find module '@zeo/core' or its corresponding type declarations.
src/cli/snapshot-cli.ts(111,58): error TS2307: Cannot find module '@zeo/core' or its corresponding type declarations.
src/cli/status-cli.ts(1,37): error TS2307: Cannot find module '@zeo/ledger' or its corresponding type declarations.
src/cli/status-cli.ts(9,32): error TS7006: Parameter 'a' implicitly has an 'any' type.
src/cli/status-cli.ts(11,26): error TS7006: Parameter 'a' implicitly has an 'any' type.
src/cli/status-cli.ts(11,29): error TS7006: Parameter 'b' implicitly has an 'any' type.
src/cli/status-cli.ts(19,18): error TS7006: Parameter 'a' implicitly has an 'any' type.
src/cli/studio-cli.ts(117,31): error TS2307: Cannot find module '@zeo/core' or its corresponding type declarations.
src/cli/tools-cli.ts(9,29): error TS2307: Cannot find module '@zeo/core' or its corresponding type declarations.
src/cli/transcript-cli.test.ts(21,39): error TS2307: Cannot find module '@zeo/core' or its corresponding type declarations.
src/cli/transcript-cli.ts(5,40): error TS2307: Cannot find module '@zeo/core' or its corresponding type declarations.
src/cli/transcript-cli.ts(6,39): error TS2307: Cannot find module '@zeo/core' or its corresponding type declarations.
src/cli/transcript-cli.ts(7,33): error TS2307: Cannot find module '@zeo/core' or its corresponding type declarations.
src/cli/transcript-cli.ts(8,34): error TS2307: Cannot find module '@zeo/core' or its corresponding type declarations.
src/cli/transcript-cli.ts(9,37): error TS2307: Cannot find module '@zeo/core' or its corresponding type declarations.
src/cli/transcript-cli.ts(10,45): error TS2307: Cannot find module '@zeo/core' or its corresponding type declarations.
src/cli/transcript-cli.ts(11,41): error TS2307: Cannot find module '@zeo/core' or its corresponding type declarations.
src/cli/transcript-cli.ts(12,34): error TS2307: Cannot find module '@zeo/core' or its corresponding type declarations.
src/cli/transcript-cli.ts(13,34): error TS2307: Cannot find module '@zeo/core' or its corresponding type declarations.
src/cli/transcript-cli.ts(14,37): error TS2307: Cannot find module '@zeo/core' or its corresponding type declarations.
src/cli/transcript-cli.ts(15,39): error TS2307: Cannot find module '@zeo/core' or its corresponding type declarations.
src/cli/transcript-cli.ts(16,35): error TS2307: Cannot find module '@zeo/core' or its corresponding type declarations.
src/cli/transcript-cli.ts(17,37): error TS2307: Cannot find module '@zeo/core' or its corresponding type declarations.
src/cli/transcript-cli.ts(18,42): error TS2307: Cannot find module '@zeo/core' or its corresponding type declarations.
src/cli/transcript-cli.ts(19,33): error TS2307: Cannot find module '@zeo/core' or its corresponding type declarations.
src/cli/transcript-cli.ts(20,40): error TS2307: Cannot find module '@zeo/core' or its corresponding type declarations.
src/cli/transcript-cli.ts(21,36): error TS2307: Cannot find module '@zeo/core' or its corresponding type declarations.
src/cli/transcript-cli.ts(22,34): error TS2307: Cannot find module '@zeo/core' or its corresponding type declarations.
src/cli/transcript-cli.ts(32,81): error TS1343: The 'import.meta' meta-property is only allowed when the '--module' option is 'es2020', 'es2022', 'esnext', 'system', 'node16', 'node18', 'node20', or 'nodenext'.
src/cli/transcript-cli.ts(36,25): error TS2307: Cannot find module '@zeo/core' or its corresponding type declarations.
src/cli/transcript-cli.ts(300,35): error TS7006: Parameter 'p' implicitly has an 'any' type.
src/cli/transcript-cli.ts(307,64): error TS7006: Parameter 'p' implicitly has an 'any' type.
src/cli/trust-cli.ts(29,58): error TS2307: Cannot find module '@zeo/core' or its corresponding type declarations.
src/cli/trust-cli.ts(46,52): error TS2307: Cannot find module '@zeo/core' or its corresponding type declarations.
src/cli/trust-cli.ts(63,41): error TS2307: Cannot find module '@zeo/core' or its corresponding type declarations.
src/cli/trust-cli.ts(88,53): error TS7006: Parameter 'e' implicitly has an 'any' type.
src/cli/trust-cli.ts(137,41): error TS2307: Cannot find module '@zeo/core' or its corresponding type declarations.
src/cli/trust-cli.ts(223,56): error TS2307: Cannot find module '@zeo/core' or its corresponding type declarations.
src/cli/trust-cli.ts(232,31): error TS7006: Parameter 'id' implicitly has an 'any' type.
src/cli/v3-cli.ts(89,67): error TS2307: Cannot find module '@zeo/tenant' or its corresponding type declarations.
src/cli/v3-cli.ts(178,20): error TS2307: Cannot find module '@zeo/observability' or its corresponding type declarations.
src/cli/v3-cli.ts(190,41): error TS2307: Cannot find module '@zeo/observability' or its corresponding type declarations.
src/cli/v3-cli.ts(209,61): error TS2307: Cannot find module '@zeo/schema-registry' or its corresponding type declarations.
src/cli/v3-cli.ts(249,20): error TS2307: Cannot find module '@zeo/compliance' or its corresponding type declarations.
src/cli/v3-cli.ts(297,61): error TS2307: Cannot find module '@zeo/modules' or its corresponding type declarations.
src/cli/v3-cli.ts(355,24): error TS7006: Parameter 'id' implicitly has an 'any' type.
src/cli/v3-cli.ts(355,28): error TS7006: Parameter 'i' implicitly has an 'any' type.
src/cli/v3-cli.ts(383,20): error TS2307: Cannot find module '@zeo/simulation' or its corresponding type declarations.
src/cli/v3-cli.ts(405,10): error TS7006: Parameter '_modified' implicitly has an 'any' type.
src/cli/v3-cli.ts(471,10): error TS7006: Parameter 'modified' implicitly has an 'any' type.
src/cli/v3-cli.ts(506,20): error TS2307: Cannot find module '@zeo/optimization' or its corresponding type declarations.
src/cli/v3-cli.ts(591,37): error TS7006: Parameter 'o' implicitly has an 'any' type.
src/cli/view-cli.ts(5,39): error TS2307: Cannot find module '@zeo/contracts' or its corresponding type declarations.
src/cli/warehouse-cli.ts(3,67): error TS2307: Cannot find module '@zeo/warehouse' or its corresponding type declarations.
src/cli/warehouse-cli.ts(4,91): error TS2307: Cannot find module '@zeo/analytics' or its corresponding type declarations.
src/cli/warehouse-cli.ts(5,70): error TS2307: Cannot find module '@zeo/contracts' or its corresponding type declarations.
src/cli/warehouse-cli.ts(132,5): error TS2322: Type 'null' is not assignable to type 'string | undefined'.
src/cli/warehouse-cli.ts(396,44): error TS7006: Parameter 'r' implicitly has an 'any' type.
src/cli/workflow-cli.ts(6,23): error TS2307: Cannot find module '@zeo/core' or its corresponding type declarations.
src/cli/workflow-cli.ts(7,28): error TS2307: Cannot find module '@zeo/contracts' or its corresponding type declarations.
src/cli/workflow-cli.ts(584,49): error TS7006: Parameter 'e' implicitly has an 'any' type.
src/cli/workflow-cli.ts(589,64): error TS7006: Parameter 'f' implicitly has an 'any' type.
src/cli/workflow-cli.ts(611,58): error TS7006: Parameter 'item' implicitly has an 'any' type.
src/cli/workflow-cli.ts(1244,101): error TS2345: Argument of type 'boolean | undefined' is not assignable to parameter of type 'boolean'.
  Type 'undefined' is not assignable to type 'boolean'.
src/core/zeolite-core.ts(2,79): error TS2307: Cannot find module '@zeo/contracts' or its corresponding type declarations.
src/core/zeolite-core.ts(3,59): error TS2307: Cannot find module '@zeo/core' or its corresponding type declarations.
src/core/zeolite-core.ts(77,40): error TS7006: Parameter 'a' implicitly has an 'any' type.
src/core/zeolite-core.ts(86,11): error TS7006: Parameter 'a' implicitly has an 'any' type.
src/core/zeolite-core.ts(86,14): error TS7006: Parameter 'idx' implicitly has an 'any' type.
src/core/zeolite-core.ts(91,12): error TS7006: Parameter 'a' implicitly has an 'any' type.
src/core/zeolite-core.ts(91,15): error TS7006: Parameter 'b' implicitly has an 'any' type.
src/core/zeolite-core.ts(95,32): error TS7006: Parameter 'assumption' implicitly has an 'any' type.
src/core/zeolite-core.ts(95,44): error TS7006: Parameter 'idx' implicitly has an 'any' type.
src/core/zeolite-core.ts(107,12): error TS7006: Parameter 'a' implicitly has an 'any' type.
src/core/zeolite-core.ts(107,15): error TS7006: Parameter 'b' implicitly has an 'any' type.
src/core/zeolite-core.ts(140,51): error TS7006: Parameter 'a' implicitly has an 'any' type.
src/core/zeolite-core.ts(140,54): error TS7006: Parameter 'idx' implicitly has an 'any' type.
src/index.test.ts(2,27): error TS2307: Cannot find module './args.js' or its corresponding type declarations.
src/lib/cta.ts(1,59): error TS2307: Cannot find module '@zeo/contracts' or its corresponding type declarations.
src/lib/cta.ts(9,39): error TS7006: Parameter 'finding' implicitly has an 'any' type.
src/lib/cta.ts(60,12): error TS7006: Parameter 'a' implicitly has an 'any' type.
src/lib/cta.ts(60,15): error TS7006: Parameter 'b' implicitly has an 'any' type.
src/lib/dashboard-viewmodel.test.ts(5,61): error TS2307: Cannot find module './dashboard/generateViewModel.js' or its corresponding type declarations.
src/lib/dashboard-viewmodel.test.ts(30,37): error TS7006: Parameter 'node' implicitly has an 'any' type.
src/lib/dashboard-viewmodel.test.ts(31,28): error TS7006: Parameter 'cta' implicitly has an 'any' type.
src/lib/dashboard-viewmodel.test.ts(31,75): error TS7006: Parameter 'cta' implicitly has an 'any' type.
src/lib/generateViewModel.ts(4,79): error TS2307: Cannot find module '@zeo/contracts' or its corresponding type declarations.
src/lib/llm-provider.test.ts(5,32): error TS2307: Cannot find module './llm-cli.js' or its corresponding type declarations.
src/lib/llm-provider.ts(1,49): error TS2307: Cannot find module './llm-cli.js' or its corresponding type declarations.
test/integration/integration.test.ts(5,51): error TS2307: Cannot find module './agents-cli.js' or its corresponding type declarations.
test/integration/integration.test.ts(6,87): error TS2307: Cannot find module './mcp-cli.js' or its corresponding type declarations.
test/integration/integration.test.ts(7,41): error TS2307: Cannot find module './zeolite-core.js' or its corresponding type declarations.
test/integration/integration.test.ts(8,59): error TS2307: Cannot find module './transcript-cli.js' or its corresponding type declarations.
