
> @reach/decision-engine-monorepo@0.3.1 typecheck
> tsc --noEmit

apps/arcade/src/app/api/v1/auth/github/callback/route.ts(116,22): error TS2307: Cannot find module '@/lib/cloud-db' or its corresponding type declarations.
apps/arcade/src/app/api/v1/auth/magic-link/route.ts(100,22): error TS2307: Cannot find module '@/lib/cloud-db' or its corresponding type declarations.
apps/arcade/src/app/api/v1/auth/magic-link/route.ts(101,47): error TS2307: Cannot find module '@/lib/cloud-auth' or its corresponding type declarations.
apps/arcade/src/app/api/v1/billing/webhook/route.ts(127,52): error TS2307: Cannot find module '@/lib/cloud-db' or its corresponding type declarations.
apps/docs/app/layout.tsx(13,50): error TS2322: Type 'React.ReactNode' is not assignable to type 'import("C:/Users/scott/Documents/GitHub/Reach/apps/docs/node_modules/@types/react/index").ReactNode'.
  Type 'ReactElement<unknown, string | JSXElementConstructor<any>>' is not assignable to type 'ReactNode'.
    Property 'children' is missing in type 'ReactElement<unknown, string | JSXElementConstructor<any>>' but required in type 'ReactPortal'.
apps/docs/components/doc-layout.tsx(15,43): error TS2322: Type 'React.ReactNode' is not assignable to type 'import("C:/Users/scott/Documents/GitHub/Reach/apps/docs/node_modules/@types/react/index").ReactNode'.
  Type 'ReactElement<unknown, string | JSXElementConstructor<any>>' is not assignable to type 'ReactNode'.
    Property 'children' is missing in type 'ReactElement<unknown, string | JSXElementConstructor<any>>' but required in type 'ReactPortal'.
