
> @reach/decision-engine-monorepo@0.3.1 typecheck
> tsc --noEmit

src/core/zeolite-core.ts(2,15): error TS2614: Module '"@zeo/contracts"' has no exported member 'DecisionSpec'. Did you mean to use 'import DecisionSpec from "@zeo/contracts"' instead?
src/core/zeolite-core.ts(2,29): error TS2614: Module '"@zeo/contracts"' has no exported member 'EvidenceEvent'. Did you mean to use 'import EvidenceEvent from "@zeo/contracts"' instead?
src/core/zeolite-core.ts(2,44): error TS2614: Module '"@zeo/contracts"' has no exported member 'FinalizedDecisionTranscript'. Did you mean to use 'import FinalizedDecisionTranscript from "@zeo/contracts"' instead?
src/index.ts(11,38): error TS2307: Cannot find module '../pkg/decision_engine_rs.js' or its corresponding type declarations.
src/lib/cta.ts(1,15): error TS2614: Module '"@zeo/contracts"' has no exported member 'DashboardPersona'. Did you mean to use 'import DashboardPersona from "@zeo/contracts"' instead?
src/lib/cta.ts(1,33): error TS2614: Module '"@zeo/contracts"' has no exported member 'DashboardViewModel'. Did you mean to use 'import DashboardViewModel from "@zeo/contracts"' instead?
src/lib/cta.ts(9,39): error TS7006: Parameter 'finding' implicitly has an 'any' type.
src/lib/cta.ts(60,12): error TS7006: Parameter 'a' implicitly has an 'any' type.
src/lib/cta.ts(60,15): error TS7006: Parameter 'b' implicitly has an 'any' type.
src/lib/dashboard-viewmodel.test.ts(5,61): error TS2307: Cannot find module './dashboard/generateViewModel.js' or its corresponding type declarations.
src/lib/dashboard-viewmodel.test.ts(30,37): error TS7006: Parameter 'node' implicitly has an 'any' type.
src/lib/dashboard-viewmodel.test.ts(31,28): error TS7006: Parameter 'cta' implicitly has an 'any' type.
src/lib/dashboard-viewmodel.test.ts(31,75): error TS7006: Parameter 'cta' implicitly has an 'any' type.
src/lib/generateViewModel.ts(4,15): error TS2614: Module '"@zeo/contracts"' has no exported member 'DashboardGraphNode'. Did you mean to use 'import DashboardGraphNode from "@zeo/contracts"' instead?
src/lib/generateViewModel.ts(4,35): error TS2614: Module '"@zeo/contracts"' has no exported member 'DashboardPersona'. Did you mean to use 'import DashboardPersona from "@zeo/contracts"' instead?
src/lib/generateViewModel.ts(4,53): error TS2614: Module '"@zeo/contracts"' has no exported member 'DashboardViewModel'. Did you mean to use 'import DashboardViewModel from "@zeo/contracts"' instead?
src/lib/llm-provider.test.ts(5,32): error TS2307: Cannot find module './llm-cli.js' or its corresponding type declarations.
src/lib/llm-provider.ts(1,49): error TS2307: Cannot find module './llm-cli.js' or its corresponding type declarations.
