Failed to parse tsconfig.json for vitest aliases SyntaxError: Expected ':' after property name in JSON at position 417 (line 15 column 14)
    at JSON.parse (<anonymous>)
    at Object.<anonymous> (C:\Users\scott\Documents\GitHub\Reach\vitest.config.ts:52:21)
    at Module._compile (node:internal/modules/cjs/loader:1803:14)
    at _require.extensions.<computed> [as .js] (file:///C:/Users/scott/node_modules/vitest/node_modules/vite/dist/node/chunks/config.js:35919:44)
    at Module.load (node:internal/modules/cjs/loader:1524:32)
    at Module._load (node:internal/modules/cjs/loader:1326:12)
    at TracingChannel.traceSync (node:diagnostics_channel:328:14)
    at wrapModuleLoad (node:internal/modules/cjs/loader:245:24)
    at Module.require (node:internal/modules/cjs/loader:1547:12)
    at require (node:internal/modules/helpers:152:16)

[1m[46m RUN [49m[22m [36mv4.0.18 [39m[90mC:/Users/scott/Documents/GitHub/Reach[39m

[90mstdout[2m | src/cli/agents-cli.test.ts[2m > [22m[2magents permissions[2m > [22m[2mrequires explicit acceptance on add
[22m[39mAgent local-agent requests permissions fs=false network=false. Re-run with --accept.

[90mstdout[2m | src/cli/agents-cli.test.ts[2m > [22m[2magents permissions[2m > [22m[2mrequires explicit acceptance on add
[22m[39madded local-agent

 [32mÎ“Â£Ã´[39m src/cli/analyze-pr-cli.test.ts [2m([22m[2m2 tests[22m[2m)[22m[32m 21[2mms[22m[39m
 [32mÎ“Â£Ã´[39m src/lib/dashboard-viewmodel.test.ts [2m([22m[2m1 test[22m[2m)[22m[32m 24[2mms[22m[39m
[90mstdout[2m | src/cli/agents-cli.test.ts[2m > [22m[2magents permissions[2m > [22m[2mrecommends agents deterministically for a task
[22m[39madded extractor-agent

 [32mÎ“Â£Ã´[39m src/cli/plugins-cli.test.ts [2m([22m[2m1 test[22m[2m)[22m[32m 5[2mms[22m[39m
 [32mÎ“Â£Ã´[39m src/lib/llm-provider.test.ts [2m([22m[2m11 tests[22m[2m)[22m[32m 18[2mms[22m[39m
[90mstdout[2m | src/cli/agents-cli.test.ts[2m > [22m[2magents permissions[2m > [22m[2mrecommends agents deterministically for a task
[22m[39madded cost-agent

 [32mÎ“Â£Ã´[39m src/cli/agents-cli.test.ts [2m([22m[2m2 tests[22m[2m)[22m[32m 30[2mms[22m[39m
{
  "key_path": "C:\\Users\\scott\\AppData\\Local\\Temp\\zeo-cli-transcript-by3Yfw\\.zeo\\keys\\id.pem",
  "fingerprint": "b1e0c3ee8bd551fb",
  "public_key": "-----BEGIN PUBLIC KEY-----\nMCowBQYDK2VwAyEA9L1hbhO7egOnwhOLxgc7utfFCkAuoDb8GTDsFj0YV8s=\n-----END PUBLIC KEY-----\n"
}
 [32mÎ“Â£Ã´[39m src/core/zeolite-core.test.ts [2m([22m[2m1 test[22m[2m)[22m[32m 5[2mms[22m[39m
-----BEGIN PUBLIC KEY-----
MCowBQYDK2VwAyEA9L1hbhO7egOnwhOLxgc7utfFCkAuoDb8GTDsFj0YV8s=
-----END PUBLIC KEY-----
Started decision 'Hiring decision' (dec_8d054d04e259)
stderr | src/index.test.ts > DecisionEngine > evaluateDecision returns result (async)
WARN: WASM module not found at '../pkg/decision_engine_rs.js'. Using fallback.

stderr | src/index.test.ts > DecisionEngine > DecisionEngine can be manually initialized
WARN: WASM module not found at '../pkg/decision_engine_rs.js'. Using fallback.

stderr | src/index.test.ts > DecisionEngine > falls back to TS implementation if WASM is missing
WARN: WASM module not found at '../pkg/decision_engine_rs.js'. Using fallback.

 [32mÎ“Â£Ã´[39m src/index.test.ts [2m([22m[2m9 tests[22m[2m)[22m[32m 14[2mms[22m[39m
{
  "fingerprint": "eeab7c6e130a037c",
  "label": "eeab7c6e130a037c"
}
Added evidence ev_a15bf097af: Candidate has domain expertise
{"error":{"code":"ZEO_TRANSCRIPT_FAILED","message":"Unsupported crypto operation"}}
 [31mÎ“Â¥Â»[39m src/cli/transcript-cli.test.ts [2m([22m[2m1 test[22m[2m | [22m[31m1 failed[39m[2m)[22m[32m 97[2mms[22m[39m
[31m     [31mâ”œÃ¹[31m sign -> verify -> trust record flow[39m[32m 96[2mms[22m[39m
[90mstdout[2m | src/cli/workflow-cli.test.ts[2m > [22m[2mworkflow cli[2m > [22m[2mcreates deterministic result card from same transcript
[22m[39mNo signing key found. Transcript unsigned.

Started decision 'Decay decision' (dec_9cc689de1c25)
Added evidence ev_0f118ab083: Old note
[90mstdout[2m | src/cli/workflow-cli.test.ts[2m > [22m[2mworkflow cli[2m > [22m[2mclassifies evidence decay deterministically
[22m[39mNo signing key found. Transcript unsigned.

[90mstdout[2m | src/cli/workflow-cli.test.ts[2m > [22m[2mworkflow cli[2m > [22m[2mdetects graph cycles
[22m[39mNo signing key found. Transcript unsigned.

[90mstdout[2m | src/cli/workflow-cli.test.ts[2m > [22m[2mworkflow cli[2m > [22m[2mrenders deterministic lens views
[22m[39mNo signing key found. Transcript unsigned.

[90mstdout[2m | src/cli/workflow-cli.test.ts[2m > [22m[2mworkflow cli[2m > [22m[2mweekly review is reproducible
[22m[39mNo signing key found. Transcript unsigned.

[90mstdout[2m | src/cli/workflow-cli.test.ts[2m > [22m[2mworkflow cli[2m > [22m[2mexplain output is deterministic and cited
[22m[39mNo signing key found. Transcript unsigned.

 [32mÎ“Â£Ã´[39m src/cli/render-cli.test.ts [2m([22m[2m3 tests[22m[2m)[22m[32m 253[2mms[22m[39m
[90mstdout[2m | src/cli/workflow-cli.test.ts[2m > [22m[2mworkflow cli[2m > [22m[2mexports md/ics/bundle with deterministic names
[22m[39mNo signing key found. Transcript unsigned.

[90mstdout[2m | src/cli/workflow-cli.test.ts[2m > [22m[2mworkflow cli[2m > [22m[2memits decision health and ROI/drift reports
[22m[39mNo signing key found. Transcript unsigned.

[90mstdout[2m | src/cli/workflow-cli.test.ts[2m > [22m[2mworkflow cli[2m > [22m[2mexports portable decision bundle and verify detects tamper
[22m[39mNo signing key found. Transcript unsigned.

[90mstdout[2m | src/cli/workflow-cli.test.ts[2m > [22m[2mworkflow cli[2m > [22m[2mrecords review_overdue drift and degrades health when reviewAt has passed
[22m[39mNo signing key found. Transcript unsigned.

 [31mÎ“Â¥Â»[39m src/cli/workflow-cli.test.ts [2m([22m[2m12 tests[22m[2m | [22m[31m11 failed[39m[2m)[22m[33m 329[2mms[22m[39m
[31m     [31mâ”œÃ¹[31m creates deterministic result card from same transcript[39m[32m 41[2mms[22m[39m
[31m     [31mâ”œÃ¹[31m classifies evidence decay deterministically[39m[32m 34[2mms[22m[39m
[31m     [31mâ”œÃ¹[31m detects graph cycles[39m[32m 31[2mms[22m[39m
[31m     [31mâ”œÃ¹[31m renders deterministic lens views[39m[32m 30[2mms[22m[39m
[31m     [31mâ”œÃ¹[31m weekly review is reproducible[39m[32m 25[2mms[22m[39m
[31m     [31mâ”œÃ¹[31m explain output is deterministic and cited[39m[32m 30[2mms[22m[39m
[31m     [31mâ”œÃ¹[31m summary by decision type is deterministic[39m[32m 3[2mms[22m[39m
[31m     [31mâ”œÃ¹[31m exports md/ics/bundle with deterministic names[39m[32m 27[2mms[22m[39m
[31m     [31mâ”œÃ¹[31m emits decision health and ROI/drift reports[39m[32m 28[2mms[22m[39m
[31m     [31mâ”œÃ¹[31m exports portable decision bundle and verify detects tamper[39m[32m 29[2mms[22m[39m
     [32mÎ“Â£Ã´[39m lists templates and creates decisions from template with review horizon[32m 19[2mms[22m[39m
[31m     [31mâ”œÃ¹[31m records review_overdue drift and degrades health when reviewAt has passed[39m[32m 29[2mms[22m[39m

Î“Ã„Â»Î“Ã„Â»Î“Ã„Â»Î“Ã„Â»Î“Ã„Â»Î“Ã„Â» Failed Tests 12 Î“Ã„Â»Î“Ã„Â»Î“Ã„Â»Î“Ã„Â»Î“Ã„Â»Î“Ã„Â»Î“Ã„Â»

 FAIL  src/cli/transcript-cli.test.ts > transcript cli > sign -> verify -> trust record flow
AssertionError: expected 1 to be +0 // Object.is equality

- Expected
+ Received

- 0
+ 1

 Î“Â¥Â» src/cli/transcript-cli.test.ts:25:118
     23|       writeFileSync(pubPath, pub);
     24|       expect(await runTranscriptCommand(["keys", "add", pubPath])).toBÎ“Ã‡Âª
     25|       expect(await runTranscriptCommand(["transcript", "sign", transcrÎ“Ã‡Âª
       |                                                                                                                      ^
     26|       expect(await runTranscriptCommand(["transcript", "verify", envPaÎ“Ã‡Âª
     27|       expect(await runTranscriptCommand(["trust", "record", "--from", Î“Ã‡Âª

Î“Ã„Â»Î“Ã„Â»Î“Ã„Â»Î“Ã„Â»Î“Ã„Â»Î“Ã„Â»Î“Ã„Â»Î“Ã„Â»Î“Ã„Â»Î“Ã„Â»Î“Ã„Â»Î“Ã„Â»Î“Ã„Â»Î“Ã„Â»Î“Ã„Â»Î“Ã„Â»Î“Ã„Â»Î“Ã„Â»Î“Ã„Â»Î“Ã„Â»Î“Ã„Â»Î“Ã„Â»Î“Ã„Â»[1/12]Î“Ã„Â»

 FAIL  src/cli/workflow-cli.test.ts > workflow cli > creates deterministic result card from same transcript
TypeError: Cannot read properties of undefined (reading 'slice')
 Î“Â¥Â» runDecisionInWorkspace src/cli/workflow-cli.ts:612:42
    610|       .map((e) => ({ id: e.id, summary: e.summary, cost: e.cost, decayÎ“Ã‡Âª
    611|     plan: {
    612|       nextSteps: result.nextBestEvidence.slice(0, 3).map(item => item.Î“Ã‡Âª
       |                                          ^
    613|       stopConditions: transcript.plan.stop_conditions,
    614|     },
 Î“Â¥Â» runWorkflowCommand src/cli/workflow-cli.ts:1092:26
 Î“Â¥Â» src/cli/workflow-cli.test.ts:34:11

Î“Ã„Â»Î“Ã„Â»Î“Ã„Â»Î“Ã„Â»Î“Ã„Â»Î“Ã„Â»Î“Ã„Â»Î“Ã„Â»Î“Ã„Â»Î“Ã„Â»Î“Ã„Â»Î“Ã„Â»Î“Ã„Â»Î“Ã„Â»Î“Ã„Â»Î“Ã„Â»Î“Ã„Â»Î“Ã„Â»Î“Ã„Â»Î“Ã„Â»Î“Ã„Â»Î“Ã„Â»Î“Ã„Â»[2/12]Î“Ã„Â»

 FAIL  src/cli/workflow-cli.test.ts > workflow cli > classifies evidence decay deterministically
TypeError: Cannot read properties of undefined (reading 'slice')
 Î“Â¥Â» runDecisionInWorkspace src/cli/workflow-cli.ts:612:42
    610|       .map((e) => ({ id: e.id, summary: e.summary, cost: e.cost, decayÎ“Ã‡Âª
    611|     plan: {
    612|       nextSteps: result.nextBestEvidence.slice(0, 3).map(item => item.Î“Ã‡Âª
       |                                          ^
    613|       stopConditions: transcript.plan.stop_conditions,
    614|     },
 Î“Â¥Â» runWorkflowCommand src/cli/workflow-cli.ts:1092:26
 Î“Â¥Â» src/cli/workflow-cli.test.ts:49:11

Î“Ã„Â»Î“Ã„Â»Î“Ã„Â»Î“Ã„Â»Î“Ã„Â»Î“Ã„Â»Î“Ã„Â»Î“Ã„Â»Î“Ã„Â»Î“Ã„Â»Î“Ã„Â»Î“Ã„Â»Î“Ã„Â»Î“Ã„Â»Î“Ã„Â»Î“Ã„Â»Î“Ã„Â»Î“Ã„Â»Î“Ã„Â»Î“Ã„Â»Î“Ã„Â»Î“Ã„Â»Î“Ã„Â»[3/12]Î“Ã„Â»

 FAIL  src/cli/workflow-cli.test.ts > workflow cli > detects graph cycles
TypeError: Cannot read properties of undefined (reading 'slice')
 Î“Â¥Â» runDecisionInWorkspace src/cli/workflow-cli.ts:612:42
    610|       .map((e) => ({ id: e.id, summary: e.summary, cost: e.cost, decayÎ“Ã‡Âª
    611|     plan: {
    612|       nextSteps: result.nextBestEvidence.slice(0, 3).map(item => item.Î“Ã‡Âª
       |                                          ^
    613|       stopConditions: transcript.plan.stop_conditions,
    614|     },
 Î“Â¥Â» runWorkflowCommand src/cli/workflow-cli.ts:1092:26
 Î“Â¥Â» src/cli/workflow-cli.test.ts:59:11

Î“Ã„Â»Î“Ã„Â»Î“Ã„Â»Î“Ã„Â»Î“Ã„Â»Î“Ã„Â»Î“Ã„Â»Î“Ã„Â»Î“Ã„Â»Î“Ã„Â»Î“Ã„Â»Î“Ã„Â»Î“Ã„Â»Î“Ã„Â»Î“Ã„Â»Î“Ã„Â»Î“Ã„Â»Î“Ã„Â»Î“Ã„Â»Î“Ã„Â»Î“Ã„Â»Î“Ã„Â»Î“Ã„Â»[4/12]Î“Ã„Â»

 FAIL  src/cli/workflow-cli.test.ts > workflow cli > renders deterministic lens views
TypeError: Cannot read properties of undefined (reading 'slice')
 Î“Â¥Â» runDecisionInWorkspace src/cli/workflow-cli.ts:612:42
    610|       .map((e) => ({ id: e.id, summary: e.summary, cost: e.cost, decayÎ“Ã‡Âª
    611|     plan: {
    612|       nextSteps: result.nextBestEvidence.slice(0, 3).map(item => item.Î“Ã‡Âª
       |                                          ^
    613|       stopConditions: transcript.plan.stop_conditions,
    614|     },
 Î“Â¥Â» runWorkflowCommand src/cli/workflow-cli.ts:1092:26
 Î“Â¥Â» src/cli/workflow-cli.test.ts:67:11

Î“Ã„Â»Î“Ã„Â»Î“Ã„Â»Î“Ã„Â»Î“Ã„Â»Î“Ã„Â»Î“Ã„Â»Î“Ã„Â»Î“Ã„Â»Î“Ã„Â»Î“Ã„Â»Î“Ã„Â»Î“Ã„Â»Î“Ã„Â»Î“Ã„Â»Î“Ã„Â»Î“Ã„Â»Î“Ã„Â»Î“Ã„Â»Î“Ã„Â»Î“Ã„Â»Î“Ã„Â»Î“Ã„Â»[5/12]Î“Ã„Â»

 FAIL  src/cli/workflow-cli.test.ts > workflow cli > weekly review is reproducible
TypeError: Cannot read properties of undefined (reading 'slice')
 Î“Â¥Â» runDecisionInWorkspace src/cli/workflow-cli.ts:612:42
    610|       .map((e) => ({ id: e.id, summary: e.summary, cost: e.cost, decayÎ“Ã‡Âª
    611|     plan: {
    612|       nextSteps: result.nextBestEvidence.slice(0, 3).map(item => item.Î“Ã‡Âª
       |                                          ^
    613|       stopConditions: transcript.plan.stop_conditions,
    614|     },
 Î“Â¥Â» runWorkflowCommand src/cli/workflow-cli.ts:1092:26
 Î“Â¥Â» src/cli/workflow-cli.test.ts:87:11

Î“Ã„Â»Î“Ã„Â»Î“Ã„Â»Î“Ã„Â»Î“Ã„Â»Î“Ã„Â»Î“Ã„Â»Î“Ã„Â»Î“Ã„Â»Î“Ã„Â»Î“Ã„Â»Î“Ã„Â»Î“Ã„Â»Î“Ã„Â»Î“Ã„Â»Î“Ã„Â»Î“Ã„Â»Î“Ã„Â»Î“Ã„Â»Î“Ã„Â»Î“Ã„Â»Î“Ã„Â»Î“Ã„Â»[6/12]Î“Ã„Â»

 FAIL  src/cli/workflow-cli.test.ts > workflow cli > explain output is deterministic and cited
TypeError: Cannot read properties of undefined (reading 'slice')
 Î“Â¥Â» runDecisionInWorkspace src/cli/workflow-cli.ts:612:42
    610|       .map((e) => ({ id: e.id, summary: e.summary, cost: e.cost, decayÎ“Ã‡Âª
    611|     plan: {
    612|       nextSteps: result.nextBestEvidence.slice(0, 3).map(item => item.Î“Ã‡Âª
       |                                          ^
    613|       stopConditions: transcript.plan.stop_conditions,
    614|     },
 Î“Â¥Â» runWorkflowCommand src/cli/workflow-cli.ts:1092:26
 Î“Â¥Â» src/cli/workflow-cli.test.ts:107:11

Î“Ã„Â»Î“Ã„Â»Î“Ã„Â»Î“Ã„Â»Î“Ã„Â»Î“Ã„Â»Î“Ã„Â»Î“Ã„Â»Î“Ã„Â»Î“Ã„Â»Î“Ã„Â»Î“Ã„Â»Î“Ã„Â»Î“Ã„Â»Î“Ã„Â»Î“Ã„Â»Î“Ã„Â»Î“Ã„Â»Î“Ã„Â»Î“Ã„Â»Î“Ã„Â»Î“Ã„Â»Î“Ã„Â»[7/12]Î“Ã„Â»

 FAIL  src/cli/workflow-cli.test.ts > workflow cli > summary by decision type is deterministic
Error: --decision is required
 Î“Â¥Â» runWorkflowCommand src/cli/workflow-cli.ts:1056:26
    1054| 
    1055|   const decisionId = args.decision;
    1056|   if (!decisionId) throw new Error("--decision is required");
       |                          ^
    1057|   const ws = loadWorkspace(decisionId);
    1058| 
 Î“Â¥Â» src/cli/workflow-cli.test.ts:133:11

Î“Ã„Â»Î“Ã„Â»Î“Ã„Â»Î“Ã„Â»Î“Ã„Â»Î“Ã„Â»Î“Ã„Â»Î“Ã„Â»Î“Ã„Â»Î“Ã„Â»Î“Ã„Â»Î“Ã„Â»Î“Ã„Â»Î“Ã„Â»Î“Ã„Â»Î“Ã„Â»Î“Ã„Â»Î“Ã„Â»Î“Ã„Â»Î“Ã„Â»Î“Ã„Â»Î“Ã„Â»Î“Ã„Â»[8/12]Î“Ã„Â»

 FAIL  src/cli/workflow-cli.test.ts > workflow cli > exports md/ics/bundle with deterministic names
TypeError: Cannot read properties of undefined (reading 'slice')
 Î“Â¥Â» runDecisionInWorkspace src/cli/workflow-cli.ts:612:42
    610|       .map((e) => ({ id: e.id, summary: e.summary, cost: e.cost, decayÎ“Ã‡Âª
    611|     plan: {
    612|       nextSteps: result.nextBestEvidence.slice(0, 3).map(item => item.Î“Ã‡Âª
       |                                          ^
    613|       stopConditions: transcript.plan.stop_conditions,
    614|     },
 Î“Â¥Â» runWorkflowCommand src/cli/workflow-cli.ts:1092:26
 Î“Â¥Â» src/cli/workflow-cli.test.ts:150:11

Î“Ã„Â»Î“Ã„Â»Î“Ã„Â»Î“Ã„Â»Î“Ã„Â»Î“Ã„Â»Î“Ã„Â»Î“Ã„Â»Î“Ã„Â»Î“Ã„Â»Î“Ã„Â»Î“Ã„Â»Î“Ã„Â»Î“Ã„Â»Î“Ã„Â»Î“Ã„Â»Î“Ã„Â»Î“Ã„Â»Î“Ã„Â»Î“Ã„Â»Î“Ã„Â»Î“Ã„Â»Î“Ã„Â»[9/12]Î“Ã„Â»

 FAIL  src/cli/workflow-cli.test.ts > workflow cli > emits decision health and ROI/drift reports
TypeError: Cannot read properties of undefined (reading 'slice')
 Î“Â¥Â» runDecisionInWorkspace src/cli/workflow-cli.ts:612:42
    610|       .map((e) => ({ id: e.id, summary: e.summary, cost: e.cost, decayÎ“Ã‡Âª
    611|     plan: {
    612|       nextSteps: result.nextBestEvidence.slice(0, 3).map(item => item.Î“Ã‡Âª
       |                                          ^
    613|       stopConditions: transcript.plan.stop_conditions,
    614|     },
 Î“Â¥Â» runWorkflowCommand src/cli/workflow-cli.ts:1092:26
 Î“Â¥Â» src/cli/workflow-cli.test.ts:169:11

Î“Ã„Â»Î“Ã„Â»Î“Ã„Â»Î“Ã„Â»Î“Ã„Â»Î“Ã„Â»Î“Ã„Â»Î“Ã„Â»Î“Ã„Â»Î“Ã„Â»Î“Ã„Â»Î“Ã„Â»Î“Ã„Â»Î“Ã„Â»Î“Ã„Â»Î“Ã„Â»Î“Ã„Â»Î“Ã„Â»Î“Ã„Â»Î“Ã„Â»Î“Ã„Â»Î“Ã„Â»[10/12]Î“Ã„Â»

 FAIL  src/cli/workflow-cli.test.ts > workflow cli > exports portable decision bundle and verify detects tamper
TypeError: Cannot read properties of undefined (reading 'slice')
 Î“Â¥Â» runDecisionInWorkspace src/cli/workflow-cli.ts:612:42
    610|       .map((e) => ({ id: e.id, summary: e.summary, cost: e.cost, decayÎ“Ã‡Âª
    611|     plan: {
    612|       nextSteps: result.nextBestEvidence.slice(0, 3).map(item => item.Î“Ã‡Âª
       |                                          ^
    613|       stopConditions: transcript.plan.stop_conditions,
    614|     },
 Î“Â¥Â» runWorkflowCommand src/cli/workflow-cli.ts:1092:26
 Î“Â¥Â» src/cli/workflow-cli.test.ts:196:11

Î“Ã„Â»Î“Ã„Â»Î“Ã„Â»Î“Ã„Â»Î“Ã„Â»Î“Ã„Â»Î“Ã„Â»Î“Ã„Â»Î“Ã„Â»Î“Ã„Â»Î“Ã„Â»Î“Ã„Â»Î“Ã„Â»Î“Ã„Â»Î“Ã„Â»Î“Ã„Â»Î“Ã„Â»Î“Ã„Â»Î“Ã„Â»Î“Ã„Â»Î“Ã„Â»Î“Ã„Â»[11/12]Î“Ã„Â»

 FAIL  src/cli/workflow-cli.test.ts > workflow cli > records review_overdue drift and degrades health when reviewAt has passed
TypeError: Cannot read properties of undefined (reading 'slice')
 Î“Â¥Â» runDecisionInWorkspace src/cli/workflow-cli.ts:612:42
    610|       .map((e) => ({ id: e.id, summary: e.summary, cost: e.cost, decayÎ“Ã‡Âª
    611|     plan: {
    612|       nextSteps: result.nextBestEvidence.slice(0, 3).map(item => item.Î“Ã‡Âª
       |                                          ^
    613|       stopConditions: transcript.plan.stop_conditions,
    614|     },
 Î“Â¥Â» runWorkflowCommand src/cli/workflow-cli.ts:1092:26
 Î“Â¥Â» src/cli/workflow-cli.test.ts:258:11

Î“Ã„Â»Î“Ã„Â»Î“Ã„Â»Î“Ã„Â»Î“Ã„Â»Î“Ã„Â»Î“Ã„Â»Î“Ã„Â»Î“Ã„Â»Î“Ã„Â»Î“Ã„Â»Î“Ã„Â»Î“Ã„Â»Î“Ã„Â»Î“Ã„Â»Î“Ã„Â»Î“Ã„Â»Î“Ã„Â»Î“Ã„Â»Î“Ã„Â»Î“Ã„Â»Î“Ã„Â»[12/12]Î“Ã„Â»


[2m Test Files [22m [1m[31m2 failed[39m[22m[2m | [22m[1m[32m8 passed[39m[22m[90m (10)[39m
[2m      Tests [22m [1m[31m12 failed[39m[22m[2m | [22m[1m[32m31 passed[39m[22m[90m (43)[39m
[2m   Start at [22m 09:16:08
[2m   Duration [22m 842ms[2m (transform 1.28s, setup 0ms, import 2.15s, tests 796ms, environment 2ms)[22m

