Failed to parse tsconfig.json for vitest aliases SyntaxError: Expected ':' after property name in JSON at position 417 (line 15 column 14)
    at JSON.parse (<anonymous>)
    at Object.<anonymous> (C:\Users\scott\Documents\GitHub\Reach\vitest.config.ts:48:21)
    at Module._compile (node:internal/modules/cjs/loader:1803:14)
    at _require.extensions.<computed> [as .js] (file:///C:/Users/scott/node_modules/vitest/node_modules/vite/dist/node/chunks/config.js:35919:44)
    at Module.load (node:internal/modules/cjs/loader:1524:32)
    at Module._load (node:internal/modules/cjs/loader:1326:12)
    at TracingChannel.traceSync (node:diagnostics_channel:328:14)
    at wrapModuleLoad (node:internal/modules/cjs/loader:245:24)
    at Module.require (node:internal/modules/cjs/loader:1547:12)
    at require (node:internal/modules/helpers:152:16)

[1m[46m RUN [49m[22m [36mv4.0.18 [39m[90mC:/Users/scott/Documents/GitHub/Reach[39m

 [31mÎ“Â¥Â»[39m src/lib/dashboard-viewmodel.test.ts [2m([22m[2m0 test[22m[2m)[22m
 [31mÎ“Â¥Â»[39m src/cli/plugins-cli.test.ts [2m([22m[2m1 test[22m[2m | [22m[31m1 failed[39m[2m)[22m[32m 9[2mms[22m[39m
[31m     [31mâ”œÃ¹[31m discovers plugin manifests[39m[32m 7[2mms[22m[39m
 [31mÎ“Â¥Â»[39m src/core/zeolite-core.test.ts [2m([22m[2m0 test[22m[2m)[22m
[90mstdout[2m | src/cli/agents-cli.test.ts[2m > [22m[2magents permissions[2m > [22m[2mrequires explicit acceptance on add
[22m[39mAgent local-agent requests permissions fs=false network=false. Re-run with --accept.

{"error":{"code":"ZEO_TRANSCRIPT_FAILED","message":"Cannot find package '@zeo/core' imported from 'C:/Users/scott/Documents/GitHub/Reach/src/cli/transcript-cli.ts'"}}
 [31mÎ“Â¥Â»[39m src/lib/llm-provider.test.ts [2m([22m[2m11 tests[22m[2m | [22m[31m5 failed[39m[2m)[22m[32m 17[2mms[22m[39m
     [32mÎ“Â£Ã´[39m builds deterministic OpenAI requests[32m 2[2mms[22m[39m
     [32mÎ“Â£Ã´[39m builds deterministic Anthropic requests[32m 1[2mms[22m[39m
     [32mÎ“Â£Ã´[39m builds deterministic OpenRouter requests[32m 0[2mms[22m[39m
     [32mÎ“Â£Ã´[39m builds deterministic Ollama requests[32m 0[2mms[22m[39m
     [32mÎ“Â£Ã´[39m validates schema-constrained output[32m 2[2mms[22m[39m
     [32mÎ“Â£Ã´[39m throws on schema mismatch[32m 1[2mms[22m[39m
[31m     [31mâ”œÃ¹[31m enforces one fixture filename per supported provider[39m[32m 5[2mms[22m[39m
[31m     [31mâ”œÃ¹[31m parses recorded provider payload contracts[39m[32m 1[2mms[22m[39m
[31m     [31mâ”œÃ¹[31m covers malformed and nonjson negative fixtures for each provider[39m[32m 1[2mms[22m[39m
[31m     [31mâ”œÃ¹[31m validates schema-path diagnostics for array where object is expected[39m[32m 1[2mms[22m[39m
[31m     [31mâ”œÃ¹[31m fails with explicit diagnostics for malformed provider envelopes[39m[32m 1[2mms[22m[39m
[90mstdout[2m | src/cli/agents-cli.test.ts[2m > [22m[2magents permissions[2m > [22m[2mrequires explicit acceptance on add
[22m[39madded local-agent

 [31mÎ“Â¥Â»[39m src/cli/transcript-cli.test.ts [2m([22m[2m1 test[22m[2m | [22m[31m1 failed[39m[2m)[22m[32m 24[2mms[22m[39m
[31m     [31mâ”œÃ¹[31m sign -> verify -> trust record flow[39m[32m 22[2mms[22m[39m
 [31mÎ“Â¥Â»[39m src/cli/workflow-cli.test.ts [2m([22m[2m0 test[22m[2m)[22m
[90mstdout[2m | src/cli/agents-cli.test.ts[2m > [22m[2magents permissions[2m > [22m[2mrecommends agents deterministically for a task
[22m[39madded extractor-agent

 [32mÎ“Â£Ã´[39m src/cli/analyze-pr-cli.test.ts [2m([22m[2m2 tests[22m[2m)[22m[32m 35[2mms[22m[39m
[90mstdout[2m | src/cli/agents-cli.test.ts[2m > [22m[2magents permissions[2m > [22m[2mrecommends agents deterministically for a task
[22m[39madded cost-agent

stderr | src/index.test.ts > DecisionEngine > evaluateDecision returns result (async)
WARN: WASM module not found at '../pkg/decision_engine_rs.js'. Using fallback.

stderr | src/index.test.ts > DecisionEngine > DecisionEngine can be manually initialized
WARN: WASM module not found at '../pkg/decision_engine_rs.js'. Using fallback.

stderr | src/index.test.ts > DecisionEngine > falls back to TS implementation if WASM is missing
WARN: WASM module not found at '../pkg/decision_engine_rs.js'. Using fallback.

 [32mÎ“Â£Ã´[39m src/index.test.ts [2m([22m[2m9 tests[22m[2m)[22m[32m 8[2mms[22m[39m
 [32mÎ“Â£Ã´[39m src/cli/agents-cli.test.ts [2m([22m[2m2 tests[22m[2m)[22m[32m 62[2mms[22m[39m
Î“Ã»â•¢ canonicalJson
  Î“Â£Ã¶ sorts object keys alphabetically (2.8562ms)
  Î“Â£Ã¶ is idempotent for same input regardless of insertion order (0.1493ms)
  Î“Â£Ã¶ handles nested objects (0.1307ms)
  Î“Â£Ã¶ preserves array order (0.1357ms)
  Î“Â£Ã¶ handles null values (0.1067ms)
  Î“Â£Ã¶ handles primitives at top level (0.122ms)
  Î“Â£Ã¶ does not mutate input (1.5159ms)
  Î“Â£Ã¶ canonicalEqual returns true for same-content objects (0.1625ms)
  Î“Â£Ã¶ canonicalEqual returns false for different objects (0.1362ms)
  Î“Â£Ã¶ canonicalJsonPretty has consistent key order (0.2243ms)
Î“Â£Ã¶ canonicalJson (6.603ms)
Î“Ã»â•¢ deterministicSort
  Î“Â£Ã¶ sortStrings returns lexicographic order (0.1897ms)
  Î“Â£Ã¶ sortStrings does not mutate input (0.0973ms)
  Î“Â£Ã¶ sortByKey sorts by string key (0.1677ms)
  Î“Â£Ã¶ sortedKeys returns sorted object keys (0.0934ms)
  Î“Â£Ã¶ sortedEntries returns sorted key-value pairs (0.1207ms)
Î“Â£Ã¶ deterministicSort (0.8104ms)
Î“Ã»â•¢ DeterministicMap
  Î“Â£Ã¶ iterates in sorted key order (0.2204ms)
  Î“Â£Ã¶ keys() returns sorted keys (0.12ms)
  Î“Â£Ã¶ toObject preserves sorted key order (0.1195ms)
  Î“Â£Ã¶ fromObject round-trips correctly (0.1059ms)
Î“Â£Ã¶ DeterministicMap (0.6717ms)
Î“Ã»â•¢ seededRandom
  Î“Â£Ã¶ same seed produces same sequence (0.2765ms)
  Î“Â£Ã¶ different seeds produce different sequences (0.1292ms)
  Î“Â£Ã¶ next() returns value in [0, 1) (0.2367ms)
  Î“Â£Ã¶ nextInt() returns integer in [0, max) (0.187ms)
  Î“Â£Ã¶ shuffle produces stable result for same seed (0.1475ms)
  Î“Â£Ã¶ shuffle does not mutate input (0.0942ms)
Î“Â£Ã¶ seededRandom (1.2177ms)
Î“Ã»â•¢ HashStream
  Î“Â£Ã¶ produces consistent hash for same input (0.5112ms)
  Î“Â£Ã¶ chunked update equals single update (0.0897ms)
  Î“Â£Ã¶ throws after finalize (0.6674ms)
  Î“Â£Ã¶ hashString matches single-chunk HashStream (0.1291ms)
  Î“Â£Ã¶ combineHashes is order-sensitive (0.1422ms)
  Î“Â£Ã¶ combineHashes with sorted inputs is stable (0.134ms)
Î“Â£Ã¶ HashStream (1.8392ms)
 [31mÎ“Â¥Â»[39m src/determinism/__tests__/canonicalJson.test.ts [2m([22m[2m0 test[22m[2m)[22m
 [32mÎ“Â£Ã´[39m src/cli/render-cli.test.ts [2m([22m[2m3 tests[22m[2m)[22m[33m 310[2mms[22m[39m

Î“Ã„Â»Î“Ã„Â»Î“Ã„Â»Î“Ã„Â»Î“Ã„Â»Î“Ã„Â» Failed Suites 4 Î“Ã„Â»Î“Ã„Â»Î“Ã„Â»Î“Ã„Â»Î“Ã„Â»Î“Ã„Â»Î“Ã„Â»

 FAIL  src/cli/workflow-cli.test.ts [ src/cli/workflow-cli.test.ts ]
Error: Cannot find package '@zeo/core' imported from 'C:/Users/scott/Documents/GitHub/Reach/src/cli/workflow-cli.ts'
 Î“Â¥Â» src/cli/workflow-cli.ts:7:1
      5| import { createInterface } from "node:readline/promises";
      6| import { stdin as input, stdout as output } from "node:process";
      7| import * as core from "@zeo/core";
       | ^
      8| import * as contracts from "@zeo/contracts";
      9| 
 Î“Â¥Â» src/cli/workflow-cli.test.ts:6:1

Î“Ã„Â»Î“Ã„Â»Î“Ã„Â»Î“Ã„Â»Î“Ã„Â»Î“Ã„Â»Î“Ã„Â»Î“Ã„Â»Î“Ã„Â»Î“Ã„Â»Î“Ã„Â»Î“Ã„Â»Î“Ã„Â»Î“Ã„Â»Î“Ã„Â»Î“Ã„Â»Î“Ã„Â»Î“Ã„Â»Î“Ã„Â»Î“Ã„Â»Î“Ã„Â»Î“Ã„Â»Î“Ã„Â»[1/11]Î“Ã„Â»

 FAIL  src/core/zeolite-core.test.ts [ src/core/zeolite-core.test.ts ]
Error: Cannot find package '@zeo/core' imported from 'C:/Users/scott/Documents/GitHub/Reach/src/core/zeolite-core.ts'
 Î“Â¥Â» src/core/zeolite-core.ts:4:1
      2| import type { DecisionSpec, EvidenceEvent, FinalizedDecisionTranscriptÎ“Ã‡Âª
      3| // @ts-ignore - resolve missing core module
      4| import { executeDecision, verifyDecisionTranscript } from "@zeo/core";
       | ^
      5| 
      6| export type ZeoliteOperation =
 Î“Â¥Â» src/core/zeolite-core.test.ts:2:1

Î“Ã„Â»Î“Ã„Â»Î“Ã„Â»Î“Ã„Â»Î“Ã„Â»Î“Ã„Â»Î“Ã„Â»Î“Ã„Â»Î“Ã„Â»Î“Ã„Â»Î“Ã„Â»Î“Ã„Â»Î“Ã„Â»Î“Ã„Â»Î“Ã„Â»Î“Ã„Â»Î“Ã„Â»Î“Ã„Â»Î“Ã„Â»Î“Ã„Â»Î“Ã„Â»Î“Ã„Â»Î“Ã„Â»[2/11]Î“Ã„Â»

 FAIL  src/lib/dashboard-viewmodel.test.ts [ src/lib/dashboard-viewmodel.test.ts ]
Error: Cannot find module './dashboard/generateViewModel.js' imported from 'C:/Users/scott/Documents/GitHub/Reach/src/lib/dashboard-viewmodel.test.ts'
 Î“Â¥Â» src/lib/dashboard-viewmodel.test.ts:5:1
      3| import { join } from "node:path";
      4| import { tmpdir } from "node:os";
      5| import { generateDashboardViewModel, stableStringify } from "./dashboaÎ“Ã‡Âª
       | ^
      6| 
      7| function setupFixture(root: string, id: string) {

Î“Ã„Â»Î“Ã„Â»Î“Ã„Â»Î“Ã„Â»Î“Ã„Â»Î“Ã„Â»Î“Ã„Â»Î“Ã„Â»Î“Ã„Â»Î“Ã„Â»Î“Ã„Â»Î“Ã„Â»Î“Ã„Â»Î“Ã„Â»Î“Ã„Â»Î“Ã„Â»Î“Ã„Â»Î“Ã„Â»Î“Ã„Â»Î“Ã„Â»Î“Ã„Â»Î“Ã„Â»Î“Ã„Â»[3/11]Î“Ã„Â»

 FAIL  src/determinism/__tests__/canonicalJson.test.ts [ src/determinism/__tests__/canonicalJson.test.ts ]
Error: No test suite found in file C:/Users/scott/Documents/GitHub/Reach/src/determinism/__tests__/canonicalJson.test.ts
Î“Ã„Â»Î“Ã„Â»Î“Ã„Â»Î“Ã„Â»Î“Ã„Â»Î“Ã„Â»Î“Ã„Â»Î“Ã„Â»Î“Ã„Â»Î“Ã„Â»Î“Ã„Â»Î“Ã„Â»Î“Ã„Â»Î“Ã„Â»Î“Ã„Â»Î“Ã„Â»Î“Ã„Â»Î“Ã„Â»Î“Ã„Â»Î“Ã„Â»Î“Ã„Â»Î“Ã„Â»Î“Ã„Â»[4/11]Î“Ã„Â»


Î“Ã„Â»Î“Ã„Â»Î“Ã„Â»Î“Ã„Â»Î“Ã„Â»Î“Ã„Â»Î“Ã„Â» Failed Tests 7 Î“Ã„Â»Î“Ã„Â»Î“Ã„Â»Î“Ã„Â»Î“Ã„Â»Î“Ã„Â»Î“Ã„Â»

 FAIL  src/cli/plugins-cli.test.ts > plugins cli > discovers plugin manifests
AssertionError: expected [] to include 'sample-deterministic-plugin'
 Î“Â¥Â» src/cli/plugins-cli.test.ts:9:17
      7|     const manifests = __private__.loadPluginManifests();
      8|     const ids = manifests.map((m) => m.manifest.id);
      9|     expect(ids).toContain("sample-deterministic-plugin");
       |                 ^
     10|   });
     11| });

Î“Ã„Â»Î“Ã„Â»Î“Ã„Â»Î“Ã„Â»Î“Ã„Â»Î“Ã„Â»Î“Ã„Â»Î“Ã„Â»Î“Ã„Â»Î“Ã„Â»Î“Ã„Â»Î“Ã„Â»Î“Ã„Â»Î“Ã„Â»Î“Ã„Â»Î“Ã„Â»Î“Ã„Â»Î“Ã„Â»Î“Ã„Â»Î“Ã„Â»Î“Ã„Â»Î“Ã„Â»Î“Ã„Â»[5/11]Î“Ã„Â»

 FAIL  src/cli/transcript-cli.test.ts > transcript cli > sign -> verify -> trust record flow
AssertionError: expected 1 to be +0 // Object.is equality

- Expected
+ Received

- 0
+ 1

 Î“Â¥Â» src/cli/transcript-cli.test.ts:20:72
     18|       writeFileSync(transcriptPath, JSON.stringify({ decision: "go" })Î“Ã‡Âª
     19| 
     20|       expect(await runTranscriptCommand(["keygen", "--out", keyPath]))Î“Ã‡Âª
       |                                                                        ^
     21|       expect(await runTranscriptCommand(["key", "export", "--key", keyÎ“Ã‡Âª
     22|       const pub = await (await import("@zeo/core")).exportPublicKeyFroÎ“Ã‡Âª

Î“Ã„Â»Î“Ã„Â»Î“Ã„Â»Î“Ã„Â»Î“Ã„Â»Î“Ã„Â»Î“Ã„Â»Î“Ã„Â»Î“Ã„Â»Î“Ã„Â»Î“Ã„Â»Î“Ã„Â»Î“Ã„Â»Î“Ã„Â»Î“Ã„Â»Î“Ã„Â»Î“Ã„Â»Î“Ã„Â»Î“Ã„Â»Î“Ã„Â»Î“Ã„Â»Î“Ã„Â»Î“Ã„Â»[6/11]Î“Ã„Â»

 FAIL  src/lib/llm-provider.test.ts > provider response fixtures > enforces one fixture filename per supported provider
Error: ENOENT: no such file or directory, scandir 'C:\Users\scott\Documents\GitHub\Reach\src\fixtures\provider-contracts'
 Î“Â¥Â» src/lib/llm-provider.test.ts:80:34
     78|   it("enforces one fixture filename per supported provider", () => {
     79|     const fixtureDir = resolve(process.cwd(), "src/fixtures/provider-cÎ“Ã‡Âª
     80|     const providerFromFilename = readdirSync(fixtureDir)
       |                                  ^
     81|       .filter((name) => name.endsWith(".response.json"))
     82|       .map((name) => name.split(".")[0])

Î“Ã„Â»Î“Ã„Â»Î“Ã„Â»Î“Ã„Â»Î“Ã„Â»Î“Ã„Â»Î“Ã„Â»Î“Ã„Â»Î“Ã„Â»Î“Ã„Â»Î“Ã„Â»Î“Ã„Â»Î“Ã„Â»Î“Ã„Â»Î“Ã„Â»Î“Ã„Â»Î“Ã„Â»Î“Ã„Â»Î“Ã„Â»Î“Ã„Â»Î“Ã„Â»Î“Ã„Â»Î“Ã„Â»[7/11]Î“Ã„Â»

 FAIL  src/lib/llm-provider.test.ts > provider response fixtures > parses recorded provider payload contracts
Error: ENOENT: no such file or directory, scandir 'C:\Users\scott\Documents\GitHub\Reach\src\fixtures\provider-contracts'
 Î“Â¥Â» src/lib/llm-provider.test.ts:90:19
     88|   it("parses recorded provider payload contracts", () => {
     89|     const fixtureDir = resolve(process.cwd(), "src/fixtures/provider-cÎ“Ã‡Âª
     90|     const files = readdirSync(fixtureDir).filter((name) => name.endsWiÎ“Ã‡Âª
       |                   ^
     91| 
     92|     for (const file of files) {

Î“Ã„Â»Î“Ã„Â»Î“Ã„Â»Î“Ã„Â»Î“Ã„Â»Î“Ã„Â»Î“Ã„Â»Î“Ã„Â»Î“Ã„Â»Î“Ã„Â»Î“Ã„Â»Î“Ã„Â»Î“Ã„Â»Î“Ã„Â»Î“Ã„Â»Î“Ã„Â»Î“Ã„Â»Î“Ã„Â»Î“Ã„Â»Î“Ã„Â»Î“Ã„Â»Î“Ã„Â»Î“Ã„Â»[8/11]Î“Ã„Â»

 FAIL  src/lib/llm-provider.test.ts > provider response fixtures > covers malformed and nonjson negative fixtures for each provider
Error: ENOENT: no such file or directory, scandir 'C:\Users\scott\Documents\GitHub\Reach\src\fixtures\provider-contracts\negative'
 Î“Â¥Â» src/lib/llm-provider.test.ts:109:19
    107|   it("covers malformed and nonjson negative fixtures for each providerÎ“Ã‡Âª
    108|     const fixtureDir = resolve(process.cwd(), "src/fixtures/provider-cÎ“Ã‡Âª
    109|     const files = readdirSync(fixtureDir).filter((name) => name.endsWiÎ“Ã‡Âª
       |                   ^
    110|     const grouped = new Map<string, Set<string>>();
    111| 

Î“Ã„Â»Î“Ã„Â»Î“Ã„Â»Î“Ã„Â»Î“Ã„Â»Î“Ã„Â»Î“Ã„Â»Î“Ã„Â»Î“Ã„Â»Î“Ã„Â»Î“Ã„Â»Î“Ã„Â»Î“Ã„Â»Î“Ã„Â»Î“Ã„Â»Î“Ã„Â»Î“Ã„Â»Î“Ã„Â»Î“Ã„Â»Î“Ã„Â»Î“Ã„Â»Î“Ã„Â»Î“Ã„Â»[9/11]Î“Ã„Â»

 FAIL  src/lib/llm-provider.test.ts > provider response fixtures > validates schema-path diagnostics for array where object is expected
Error: ENOENT: no such file or directory, scandir 'C:\Users\scott\Documents\GitHub\Reach\src\fixtures\provider-contracts\negative'
 Î“Â¥Â» src/lib/llm-provider.test.ts:129:19
    127|   it("validates schema-path diagnostics for array where object is expeÎ“Ã‡Âª
    128|     const fixtureDir = resolve(process.cwd(), "src/fixtures/provider-cÎ“Ã‡Âª
    129|     const files = readdirSync(fixtureDir).filter((name) => name.endsWiÎ“Ã‡Âª
       |                   ^
    130|     expect(files.length).toBe(4);
    131| 

Î“Ã„Â»Î“Ã„Â»Î“Ã„Â»Î“Ã„Â»Î“Ã„Â»Î“Ã„Â»Î“Ã„Â»Î“Ã„Â»Î“Ã„Â»Î“Ã„Â»Î“Ã„Â»Î“Ã„Â»Î“Ã„Â»Î“Ã„Â»Î“Ã„Â»Î“Ã„Â»Î“Ã„Â»Î“Ã„Â»Î“Ã„Â»Î“Ã„Â»Î“Ã„Â»Î“Ã„Â»[10/11]Î“Ã„Â»

 FAIL  src/lib/llm-provider.test.ts > provider response fixtures > fails with explicit diagnostics for malformed provider envelopes
Error: ENOENT: no such file or directory, scandir 'C:\Users\scott\Documents\GitHub\Reach\src\fixtures\provider-contracts\negative'
 Î“Â¥Â» src/lib/llm-provider.test.ts:152:19
    150|   it("fails with explicit diagnostics for malformed provider envelopesÎ“Ã‡Âª
    151|     const fixtureDir = resolve(process.cwd(), "src/fixtures/provider-cÎ“Ã‡Âª
    152|     const files = readdirSync(fixtureDir).filter((name) => name.endsWiÎ“Ã‡Âª
       |                   ^
    153| 
    154|     for (const file of files) {

Î“Ã„Â»Î“Ã„Â»Î“Ã„Â»Î“Ã„Â»Î“Ã„Â»Î“Ã„Â»Î“Ã„Â»Î“Ã„Â»Î“Ã„Â»Î“Ã„Â»Î“Ã„Â»Î“Ã„Â»Î“Ã„Â»Î“Ã„Â»Î“Ã„Â»Î“Ã„Â»Î“Ã„Â»Î“Ã„Â»Î“Ã„Â»Î“Ã„Â»Î“Ã„Â»Î“Ã„Â»[11/11]Î“Ã„Â»


[2m Test Files [22m [1m[31m7 failed[39m[22m[2m | [22m[1m[32m4 passed[39m[22m[90m (11)[39m
[2m      Tests [22m [1m[31m7 failed[39m[22m[2m | [22m[1m[32m22 passed[39m[22m[90m (29)[39m
[2m   Start at [22m 08:29:58
[2m   Duration [22m 1.42s[2m (transform 1.55s, setup 0ms, import 1.95s, tests 465ms, environment 2ms)[22m

